1779981472607360|demo|CREATE DATABASE demo;
1779981692188582|demo|CREATE TABLE products (id INT INDEXED NOT NULL, title STRING NOT NULL);
1779981720569426|demo|INSERT INTO products (id, title) VALUES (1, "Milk"), (2, "Bread");
1779981731212607|demo|CREATE TABLE t2 (id INT INDEXED NOT NULL, title STRING NOT NULL, price INT DEFAULT 0, note STRING);
1779981735379093|demo|INSERT INTO products (id, title) VALUE (4, "Water");
1779981735383445|demo|DELETE FROM products WHERE id = 3;
1779981745637450|demo|DROP TABLE products;
1779981745638605|demo|CREATE TABLE products (id INT INDEXED NOT NULL, title STRING NOT NULL, price INT DEFAULT 0);
1779981745639308|demo|INSERT INTO products (id, title, price) VALUES (1, "Milk", 89);
1779981753081972|demo|DROP TABLE products;
1779981753084817|demo|CREATE TABLE products (id INT INDEXED NOT NULL, title STRING NOT NULL, price INT DEFAULT 0, note STRING);
1779981758138481|demo|DROP TABLE products;
1779981773425002|demo|DROP DATABASE demo;
1779981773426574|demo|CREATE DATABASE demo;
1779981773427696|demo|CREATE TABLE products (id INT INDEXED NOT NULL, title STRING NOT NULL, price INT DEFAULT 0, note STRING);
1779981773428136|demo|INSERT INTO products (id, title, price) VALUES (1, "Milk", 89), (2, "Bread", 45), (3, "Cheese", 320);
1779981773429597|demo|INSERT INTO products (id, title) VALUE (4, "Water");
1779981773432953|demo|UPDATE products SET price = 99 WHERE id = 1;
1779981773433779|demo|DELETE FROM products WHERE id = 3;
1779981864669559|demo|CREATE DATABASE demo;
1779981864670549|demo|CREATE TABLE products (id INT INDEXED NOT NULL, title STRING NOT NULL, price INT DEFAULT 0, note STRING);
1779981864671262|demo|INSERT INTO products (id, title, price) VALUES (1, "Milk", 89), (2, "Bread", 45), (3, "Cheese", 320);
1779981864672847|demo|INSERT INTO products (id, title) VALUE (4, "Water");
1779981864674657|demo|UPDATE products SET price = 99 WHERE id = 1;
1779981864675399|demo|DELETE FROM products WHERE id = 3;
1779982212258586|demo|DROP DATABASE demo;
1779982212260193|demo|CREATE DATABASE demo;
1779982212261785|demo|CREATE TABLE products (id INT INDEXED NOT NULL, title STRING NOT NULL, price INT DEFAULT 0, note STRING);
1779982212262462|demo|INSERT INTO products (id, title, price) VALUES (1, "Milk", 89), (2, "Bread", 45), (3, "Cheese", 320);
1779982212264806|demo|INSERT INTO products (id, title) VALUE (4, "Water");
1779982212268554|demo|UPDATE products SET price = 99 WHERE id = 1;
1779982212269749|demo|DELETE FROM products WHERE id = 3;
1779982588801378|demo|DROP DATABASE demo;
1779982588802731|demo|CREATE DATABASE demo;
1779982588803531|demo|CREATE TABLE products (id INT INDEXED NOT NULL, title STRING NOT NULL, price INT DEFAULT 0, note STRING);
1779982588804005|demo|INSERT INTO products (id, title, price) VALUES (1, "Milk", 89), (2, "Bread", 45), (3, "Cheese", 320);
1779982588805208|demo|INSERT INTO products (id, title) VALUE (4, "Water");
1779982588807680|demo|UPDATE products SET price = 99 WHERE id = 1;
1779982588808863|demo|DELETE FROM products WHERE id = 3;
