1779981294679324	1779981294680617	tcp	h2	400	-- Простая демонстрация СУБД (пакетный режим: ./build/prog demo.sql)
1779981317664486	1779981317664571	tcp	h3	400	-- Простая демонстрация СУБД (пакетный режим: ./build/prog demo.sql)
1779981472606811	1779981472607685	tcp	h4	200	CREATE DATABASE demo;
1779981500897546	1779981500897570	tcp	h5	400	CREATE DATABASE demo;
1779981500897985	1779981500898248	tcp	h6	200	USE demo;
1779981500898597	1779981500898638	tcp	h7	400	CREATE TABLE products (
1779981500898970	1779981500899017	tcp	h8	400	INSERT INTO products (id, title, price) VALUES
1779981500899330	1779981500899613	tcp	h9	400	SELECT * FROM products;
1779981500899937	1779981500899966	tcp	h10	400	SELECT * FROM products WHERE id = 2;
1779981500900291	1779981500900347	tcp	h11	400	INSERT INTO products (id, title) VALUE (4, "Water");
1779981500900706	1779981500900747	tcp	h12	400	SELECT * FROM products WHERE id = 4;
1779981500901055	1779981500901092	tcp	h13	400	SELECT title, price FROM products WHERE price BETWEEN 40 AND 100;
1779981500901448	1779981500901484	tcp	h14	400	SELECT title FROM products WHERE price > 50 AND title LIKE "M%";
1779981500901769	1779981500901782	tcp	h15	400	SELECT COUNT(*) FROM products;
1779981500902014	1779981500902028	tcp	h16	400	SELECT SUM(price) AS total FROM products;
1779981500902251	1779981500902267	tcp	h17	400	SELECT AVG(price) AS avg_price FROM products;
1779981500902491	1779981500902511	tcp	h18	400	UPDATE products SET price = 99 WHERE id = 1;
1779981500902719	1779981500902735	tcp	h19	400	SELECT * FROM products WHERE id = 1;
1779981500902913	1779981500902927	tcp	h20	400	DELETE FROM products WHERE id = 3;
1779981500903113	1779981500903124	tcp	h21	400	SELECT * FROM products;
1779981692184835	1779981692184871	tcp	h22	200	USE demo;
1779981692188493	1779981692189215	tcp	h23	200	CREATE TABLE products (id INT INDEXED NOT NULL, title STRING NOT NULL);
1779981720568909	1779981720569813	tcp	h24	200	INSERT INTO products (id, title) VALUES (1, "Milk"), (2, "Bread");
1779981731209201	1779981731209225	tcp	h25	200	USE demo;
1779981731212490	1779981731212975	tcp	h26	200	CREATE TABLE t2 (id INT INDEXED NOT NULL, title STRING NOT NULL, price INT DEFAULT 0, note STRING);
1779981735376456	1779981735376490	tcp	h27	400	CREATE DATABASE demo;
1779981735376892	1779981735376902	tcp	h28	200	USE demo;
1779981735377091	1779981735377127	tcp	h29	400	CREATE TABLE products (
1779981735377315	1779981735377362	tcp	h30	400	INSERT INTO products (id, title, price) VALUES
1779981735377549	1779981735378018	tcp	h31	200	SELECT * FROM products;
1779981735378482	1779981735378549	tcp	h32	200	SELECT * FROM products WHERE id = 2;
1779981735379014	1779981735379452	tcp	h33	200	INSERT INTO products (id, title) VALUE (4, "Water");
1779981735379891	1779981735379982	tcp	h34	200	SELECT * FROM products WHERE id = 4;
1779981735380550	1779981735380618	tcp	h35	200	SELECT title, price FROM products WHERE price BETWEEN 40 AND 100;
1779981735381044	1779981735381113	tcp	h36	200	SELECT title FROM products WHERE price > 50 AND title LIKE "M%";
1779981735381469	1779981735381512	tcp	h37	200	SELECT COUNT(*) FROM products;
1779981735381870	1779981735381914	tcp	h38	400	SELECT SUM(price) AS total FROM products;
1779981735382261	1779981735382305	tcp	h39	400	SELECT AVG(price) AS avg_price FROM products;
1779981735382644	1779981735382695	tcp	h40	400	UPDATE products SET price = 99 WHERE id = 1;
1779981735383028	1779981735383076	tcp	h41	200	SELECT * FROM products WHERE id = 1;
1779981735383396	1779981735383564	tcp	h42	200	DELETE FROM products WHERE id = 3;
1779981735383851	1779981735383896	tcp	h43	200	SELECT * FROM products;
1779981743123862	1779981743123940	tcp	h44	400	INSERT INTO products (id, title, price) VALUES (10, "X", 1);
1779981745633864	1779981745633899	tcp	h45	200	USE demo;
1779981745637382	1779981745637939	tcp	h46	200	DROP TABLE products;
1779981745638491	1779981745638834	tcp	h47	200	CREATE TABLE products (id INT INDEXED NOT NULL, title STRING NOT NULL, price INT DEFAULT 0);
1779981745639231	1779981745639455	tcp	h48	200	INSERT INTO products (id, title, price) VALUES (1, "Milk", 89);
1779981745639888	1779981745639931	tcp	h49	200	SELECT * FROM products;
1779981753078727	1779981753078756	tcp	h50	200	USE demo;
1779981753081925	1779981753082249	tcp	h51	200	DROP TABLE products;
1779981753084743	1779981753084907	tcp	h52	200	CREATE TABLE products (id INT INDEXED NOT NULL, title STRING NOT NULL, price INT DEFAULT 0, note STRING);
1779981758137649	1779981758137679	tcp	h53	200	USE demo;
1779981758138425	1779981758138774	tcp	h54	200	DROP TABLE products;
1779981758139167	1779981758139253	tcp	h55	400	CREATE TABLE products (
1779981758139844	1779981758139914	tcp	h56	400	INSERT INTO products (id, title, price) VALUES (1, "Milk", 89);
1779981773424931	1779981773425685	tcp	h57	200	DROP DATABASE demo;
1779981773426537	1779981773426717	tcp	h58	200	CREATE DATABASE demo;
1779981773427124	1779981773427152	tcp	h59	200	USE demo;
1779981773427637	1779981773427778	tcp	h60	200	CREATE TABLE products (id INT INDEXED NOT NULL, title STRING NOT NULL, price INT DEFAULT 0, note STRING);
1779981773428078	1779981773428209	tcp	h61	200	INSERT INTO products (id, title, price) VALUES (1, "Milk", 89), (2, "Bread", 45), (3, "Cheese", 320);
1779981773428499	1779981773428566	tcp	h62	200	SELECT * FROM products;
1779981773429049	1779981773429108	tcp	h63	200	SELECT * FROM products WHERE id = 2;
1779981773429531	1779981773429734	tcp	h64	200	INSERT INTO products (id, title) VALUE (4, "Water");
1779981773430111	1779981773430163	tcp	h65	200	SELECT * FROM products WHERE id = 4;
1779981773430502	1779981773430549	tcp	h66	200	SELECT title, price FROM products WHERE price BETWEEN 40 AND 100;
1779981773430858	1779981773431483	tcp	h67	200	SELECT title FROM products WHERE price > 50 AND title LIKE "M%";
1779981773431966	1779981773432005	tcp	h68	200	SELECT COUNT(*) FROM products;
1779981773432342	1779981773432367	tcp	h69	200	SELECT SUM(price) AS total FROM products;
1779981773432640	1779981773432667	tcp	h70	200	SELECT AVG(price) AS avg_price FROM products;
1779981773432900	1779981773433062	tcp	h71	200	UPDATE products SET price = 99 WHERE id = 1;
1779981773433338	1779981773433381	tcp	h72	200	SELECT * FROM products WHERE id = 1;
1779981773433730	1779981773433899	tcp	h73	200	DELETE FROM products WHERE id = 3;
1779981773434213	1779981773434274	tcp	h74	200	SELECT * FROM products;
1779981864668354	1779981864668552	tcp	h2	400	DROP DATABASE demo;
1779981864669500	1779981864669815	tcp	h3	200	CREATE DATABASE demo;
1779981864670091	1779981864670102	tcp	h4	200	USE demo;
1779981864670443	1779981864670636	tcp	h5	200	CREATE TABLE products (id INT INDEXED NOT NULL, title STRING NOT NULL, price INT DEFAULT 0, note STRING);
1779981864671107	1779981864671401	tcp	h6	200	INSERT INTO products (id, title, price) VALUES (1, "Milk", 89), (2, "Bread", 45), (3, "Cheese", 320);
1779981864671767	1779981864671866	tcp	h7	200	SELECT * FROM products;
1779981864672305	1779981864672376	tcp	h8	200	SELECT * FROM products WHERE id = 2;
1779981864672817	1779981864672900	tcp	h9	200	INSERT INTO products (id, title) VALUE (4, "Water");
1779981864673078	1779981864673101	tcp	h10	200	SELECT * FROM products WHERE id = 4;
1779981864673318	1779981864673348	tcp	h11	200	SELECT title, price FROM products WHERE price BETWEEN 40 AND 100;
1779981864673618	1779981864673718	tcp	h12	200	SELECT title FROM products WHERE price > 50 AND title LIKE "M%";
1779981864673975	1779981864673994	tcp	h13	200	SELECT COUNT(*) FROM products;
1779981864674184	1779981864674206	tcp	h14	200	SELECT SUM(price) AS total FROM products;
1779981864674411	1779981864674432	tcp	h15	200	SELECT AVG(price) AS avg_price FROM products;
1779981864674622	1779981864674709	tcp	h16	200	UPDATE products SET price = 99 WHERE id = 1;
1779981864674977	1779981864675024	tcp	h17	200	SELECT * FROM products WHERE id = 1;
1779981864675367	1779981864675476	tcp	h18	200	DELETE FROM products WHERE id = 3;
1779981864675685	1779981864675712	tcp	h19	200	SELECT * FROM products;
1779981864683588	1779981864684016	tcp	h21	202	USE demo;
1779982109988610	1779982109989473	tcp	h23	200	CREATE DATABASE shop;
1779982156378406	1779982156378466	tcp	h24	400	SELECT * from shop SELECT * from shop;
1779982212258460	1779982212259151	tcp	h25	200	DROP DATABASE demo;
1779982212260134	1779982212260505	tcp	h26	200	CREATE DATABASE demo;
1779982212261155	1779982212261176	tcp	h27	200	USE demo;
1779982212261712	1779982212261926	tcp	h28	200	CREATE TABLE products (id INT INDEXED NOT NULL, title STRING NOT NULL, price INT DEFAULT 0, note STRING);
1779982212262339	1779982212262746	tcp	h29	200	INSERT INTO products (id, title, price) VALUES (1, "Milk", 89), (2, "Bread", 45), (3, "Cheese", 320);
1779982212263369	1779982212263462	tcp	h30	200	SELECT * FROM products;
1779982212264129	1779982212264194	tcp	h31	200	SELECT * FROM products WHERE id = 2;
1779982212264738	1779982212264979	tcp	h32	200	INSERT INTO products (id, title) VALUE (4, "Water");
1779982212265400	1779982212265438	tcp	h33	200	SELECT * FROM products WHERE id = 4;
1779982212265817	1779982212265856	tcp	h34	200	SELECT title, price FROM products WHERE price BETWEEN 40 AND 100;
1779982212266166	1779982212266235	tcp	h35	200	SELECT title FROM products WHERE price > 50 AND title LIKE "M%";
1779982212266671	1779982212266713	tcp	h36	200	SELECT COUNT(*) FROM products;
1779982212267280	1779982212267340	tcp	h37	200	SELECT SUM(price) AS total FROM products;
1779982212267796	1779982212267867	tcp	h38	200	SELECT AVG(price) AS avg_price FROM products;
1779982212268448	1779982212268769	tcp	h39	200	UPDATE products SET price = 99 WHERE id = 1;
1779982212269208	1779982212269274	tcp	h40	200	SELECT * FROM products WHERE id = 1;
1779982212269700	1779982212269903	tcp	h41	200	DELETE FROM products WHERE id = 3;
1779982212270163	1779982212270206	tcp	h42	200	SELECT * FROM products;
1779982242546843	1779982242546907	tcp	h43	400	SELECT * from shop;
1779982360491870	1779982360491905	tcp	h44	400	CREATE DATABASE shop;
1779982588801246	1779982588801948	tcp	h45	200	DROP DATABASE demo;
1779982588802699	1779982588802877	tcp	h46	200	CREATE DATABASE demo;
1779982588803126	1779982588803137	tcp	h47	200	USE demo;
1779982588803461	1779982588803645	tcp	h48	200	CREATE TABLE products (id INT INDEXED NOT NULL, title STRING NOT NULL, price INT DEFAULT 0, note STRING);
1779982588803928	1779982588804117	tcp	h49	200	INSERT INTO products (id, title, price) VALUES (1, "Milk", 89), (2, "Bread", 45), (3, "Cheese", 320);
1779982588804379	1779982588804423	tcp	h50	200	SELECT * FROM products;
1779982588804799	1779982588804832	tcp	h51	200	SELECT * FROM products WHERE id = 2;
1779982588805155	1779982588805384	tcp	h52	200	INSERT INTO products (id, title) VALUE (4, "Water");
1779982588805674	1779982588805707	tcp	h53	200	SELECT * FROM products WHERE id = 4;
1779982588806025	1779982588806061	tcp	h54	200	SELECT title, price FROM products WHERE price BETWEEN 40 AND 100;
1779982588806360	1779982588806419	tcp	h55	200	SELECT title FROM products WHERE price > 50 AND title LIKE "M%";
1779982588806661	1779982588806682	tcp	h56	200	SELECT COUNT(*) FROM products;
1779982588806939	1779982588806962	tcp	h57	200	SELECT SUM(price) AS total FROM products;
1779982588807225	1779982588807256	tcp	h58	200	SELECT AVG(price) AS avg_price FROM products;
1779982588807613	1779982588807884	tcp	h59	200	UPDATE products SET price = 99 WHERE id = 1;
1779982588808274	1779982588808310	tcp	h60	200	SELECT * FROM products WHERE id = 1;
1779982588808800	1779982588809099	tcp	h61	200	DELETE FROM products WHERE id = 3;
1779982588809517	1779982588809568	tcp	h62	200	SELECT * FROM products;
